{"F:\\session\\mysession\\app.js":{"path":"F:\\session\\mysession\\app.js","s":{"1":1,"2":1,"3":1,"4":1,"5":1,"6":1,"7":1,"8":1,"9":1,"10":1,"11":1,"12":1,"13":1,"14":1,"15":1,"16":1,"17":1,"18":1,"19":1,"20":1,"21":1,"22":1,"23":2,"24":2,"25":2,"26":2,"27":1,"28":2,"29":1,"30":1,"31":0,"32":1,"33":1,"34":0,"35":0},"b":{"1":[1,1],"2":[1,0]},"f":{"1":2,"2":0,"3":0},"fnMap":{"1":{"name":"(anonymous_1)","line":47,"loc":{"start":{"line":47,"column":8},"end":{"line":47,"column":34}}},"2":{"name":"(anonymous_2)","line":82,"loc":{"start":{"line":82,"column":13},"end":{"line":82,"column":33}}},"3":{"name":"(anonymous_3)","line":90,"loc":{"start":{"line":90,"column":26},"end":{"line":90,"column":38}}}},"statementMap":{"1":{"start":{"line":1,"column":0},"end":{"line":1,"column":33}},"2":{"start":{"line":2,"column":0},"end":{"line":2,"column":20}},"3":{"start":{"line":3,"column":0},"end":{"line":3,"column":27}},"4":{"start":{"line":4,"column":0},"end":{"line":4,"column":33}},"5":{"start":{"line":5,"column":0},"end":{"line":5,"column":48}},"6":{"start":{"line":6,"column":0},"end":{"line":6,"column":35}},"7":{"start":{"line":7,"column":0},"end":{"line":7,"column":47}},"8":{"start":{"line":8,"column":0},"end":{"line":8,"column":31}},"9":{"start":{"line":9,"column":0},"end":{"line":9,"column":40}},"10":{"start":{"line":10,"column":0},"end":{"line":10,"column":31}},"11":{"start":{"line":11,"column":0},"end":{"line":11,"column":41}},"12":{"start":{"line":12,"column":0},"end":{"line":12,"column":49}},"13":{"start":{"line":14,"column":0},"end":{"line":14,"column":47}},"14":{"start":{"line":16,"column":0},"end":{"line":16,"column":45}},"15":{"start":{"line":18,"column":0},"end":{"line":24,"column":4}},"16":{"start":{"line":28,"column":0},"end":{"line":28,"column":48}},"17":{"start":{"line":33,"column":0},"end":{"line":33,"column":31}},"18":{"start":{"line":34,"column":0},"end":{"line":34,"column":46}},"19":{"start":{"line":37,"column":0},"end":{"line":37,"column":27}},"20":{"start":{"line":38,"column":0},"end":{"line":38,"column":51}},"21":{"start":{"line":44,"column":0},"end":{"line":44,"column":56}},"22":{"start":{"line":47,"column":0},"end":{"line":53,"column":3}},"23":{"start":{"line":48,"column":2},"end":{"line":48,"column":37}},"24":{"start":{"line":49,"column":2},"end":{"line":49,"column":30}},"25":{"start":{"line":50,"column":2},"end":{"line":50,"column":26}},"26":{"start":{"line":51,"column":2},"end":{"line":51,"column":123}},"27":{"start":{"line":51,"column":11},"end":{"line":51,"column":123}},"28":{"start":{"line":52,"column":2},"end":{"line":52,"column":9}},"29":{"start":{"line":67,"column":0},"end":{"line":67,"column":25}},"30":{"start":{"line":82,"column":0},"end":{"line":84,"column":3}},"31":{"start":{"line":83,"column":2},"end":{"line":83,"column":24}},"32":{"start":{"line":86,"column":0},"end":{"line":93,"column":1}},"33":{"start":{"line":87,"column":2},"end":{"line":87,"column":23}},"34":{"start":{"line":90,"column":2},"end":{"line":92,"column":5}},"35":{"start":{"line":91,"column":4},"end":{"line":91,"column":64}}},"branchMap":{"1":{"line":51,"type":"if","locations":[{"start":{"line":51,"column":2},"end":{"line":51,"column":2}},{"start":{"line":51,"column":2},"end":{"line":51,"column":2}}]},"2":{"line":86,"type":"if","locations":[{"start":{"line":86,"column":0},"end":{"line":86,"column":0}},{"start":{"line":86,"column":0},"end":{"line":86,"column":0}}]}}},"F:\\session\\mysession\\config\\default.js":{"path":"F:\\session\\mysession\\config\\default.js","s":{"1":1},"b":{},"f":{},"fnMap":{},"statementMap":{"1":{"start":{"line":1,"column":0},"end":{"line":9,"column":2}}},"branchMap":{}},"F:\\session\\mysession\\common\\dbHelper.js":{"path":"F:\\session\\mysession\\common\\dbHelper.js","s":{"1":1,"2":1,"3":3,"4":1,"5":2,"6":1,"7":2},"b":{},"f":{"1":2,"2":2},"fnMap":{"1":{"name":"(anonymous_1)","line":9,"loc":{"start":{"line":9,"column":14},"end":{"line":9,"column":30}}},"2":{"name":"(anonymous_2)","line":14,"loc":{"start":{"line":14,"column":16},"end":{"line":14,"column":32}}}},"statementMap":{"1":{"start":{"line":1,"column":0},"end":{"line":3,"column":33}},"2":{"start":{"line":5,"column":0},"end":{"line":7,"column":1}},"3":{"start":{"line":6,"column":4},"end":{"line":6,"column":45}},"4":{"start":{"line":8,"column":0},"end":{"line":12,"column":2}},"5":{"start":{"line":10,"column":8},"end":{"line":10,"column":31}},"6":{"start":{"line":14,"column":0},"end":{"line":16,"column":2}},"7":{"start":{"line":15,"column":4},"end":{"line":15,"column":32}}},"branchMap":{}},"F:\\session\\mysession\\common\\models.js":{"path":"F:\\session\\mysession\\common\\models.js","s":{"1":1},"b":{},"f":{},"fnMap":{},"statementMap":{"1":{"start":{"line":1,"column":0},"end":{"line":20,"column":1}}},"branchMap":{}},"F:\\session\\mysession\\routes\\index.js":{"path":"F:\\session\\mysession\\routes\\index.js","s":{"1":1,"2":1,"3":1,"4":1,"5":1,"6":1},"b":{},"f":{"1":1},"fnMap":{"1":{"name":"(anonymous_1)","line":1,"loc":{"start":{"line":1,"column":17},"end":{"line":1,"column":30}}}},"statementMap":{"1":{"start":{"line":1,"column":0},"end":{"line":7,"column":1}},"2":{"start":{"line":2,"column":2},"end":{"line":2,"column":26}},"3":{"start":{"line":3,"column":2},"end":{"line":3,"column":25}},"4":{"start":{"line":4,"column":2},"end":{"line":4,"column":27}},"5":{"start":{"line":5,"column":2},"end":{"line":5,"column":29}},"6":{"start":{"line":6,"column":2},"end":{"line":6,"column":25}}},"branchMap":{}},"F:\\session\\mysession\\routes\\login.js":{"path":"F:\\session\\mysession\\routes\\login.js","s":{"1":1,"2":1,"3":1,"4":0,"5":1,"6":0,"7":0,"8":0,"9":0,"10":0,"11":0,"12":0,"13":0,"14":0,"15":0,"16":0,"17":0,"18":0},"b":{"1":[0,0],"2":[0,0],"3":[0,0]},"f":{"1":1,"2":0,"3":0,"4":0},"fnMap":{"1":{"name":"(anonymous_1)","line":2,"loc":{"start":{"line":2,"column":17},"end":{"line":2,"column":30}}},"2":{"name":"(anonymous_2)","line":4,"loc":{"start":{"line":4,"column":21},"end":{"line":4,"column":38}}},"3":{"name":"(anonymous_3)","line":8,"loc":{"start":{"line":8,"column":22},"end":{"line":8,"column":39}}},"4":{"name":"(anonymous_4)","line":12,"loc":{"start":{"line":12,"column":36},"end":{"line":12,"column":55}}}},"statementMap":{"1":{"start":{"line":1,"column":0},"end":{"line":1,"column":27}},"2":{"start":{"line":2,"column":0},"end":{"line":30,"column":1}},"3":{"start":{"line":4,"column":4},"end":{"line":6,"column":7}},"4":{"start":{"line":5,"column":8},"end":{"line":5,"column":28}},"5":{"start":{"line":8,"column":4},"end":{"line":29,"column":7}},"6":{"start":{"line":9,"column":8},"end":{"line":10,"column":35}},"7":{"start":{"line":12,"column":8},"end":{"line":28,"column":11}},"8":{"start":{"line":13,"column":12},"end":{"line":27,"column":13}},"9":{"start":{"line":14,"column":16},"end":{"line":14,"column":30}},"10":{"start":{"line":15,"column":16},"end":{"line":15,"column":35}},"11":{"start":{"line":16,"column":18},"end":{"line":27,"column":13}},"12":{"start":{"line":17,"column":16},"end":{"line":17,"column":46}},"13":{"start":{"line":18,"column":16},"end":{"line":18,"column":30}},"14":{"start":{"line":20,"column":16},"end":{"line":26,"column":17}},"15":{"start":{"line":21,"column":20},"end":{"line":21,"column":48}},"16":{"start":{"line":22,"column":20},"end":{"line":22,"column":34}},"17":{"start":{"line":24,"column":20},"end":{"line":24,"column":43}},"18":{"start":{"line":25,"column":20},"end":{"line":25,"column":34}}},"branchMap":{"1":{"line":13,"type":"if","locations":[{"start":{"line":13,"column":12},"end":{"line":13,"column":12}},{"start":{"line":13,"column":12},"end":{"line":13,"column":12}}]},"2":{"line":16,"type":"if","locations":[{"start":{"line":16,"column":18},"end":{"line":16,"column":18}},{"start":{"line":16,"column":18},"end":{"line":16,"column":18}}]},"3":{"line":20,"type":"if","locations":[{"start":{"line":20,"column":16},"end":{"line":20,"column":16}},{"start":{"line":20,"column":16},"end":{"line":20,"column":16}}]}}},"F:\\session\\mysession\\routes\\home.js":{"path":"F:\\session\\mysession\\routes\\home.js","s":{"1":1,"2":1,"3":1,"4":1,"5":1,"6":1,"7":0,"8":0,"9":0,"10":0,"11":0,"12":0,"13":0,"14":1,"15":0,"16":1,"17":0,"18":0,"19":0,"20":0,"21":0},"b":{"1":[0,0],"2":[0,0]},"f":{"1":1,"2":0,"3":0,"4":0,"5":0,"6":0},"fnMap":{"1":{"name":"(anonymous_1)","line":6,"loc":{"start":{"line":6,"column":17},"end":{"line":6,"column":31}}},"2":{"name":"(anonymous_2)","line":8,"loc":{"start":{"line":8,"column":20},"end":{"line":8,"column":37}}},"3":{"name":"(anonymous_3)","line":18,"loc":{"start":{"line":18,"column":30},"end":{"line":18,"column":50}}},"4":{"name":"(anonymous_4)","line":23,"loc":{"start":{"line":23,"column":39},"end":{"line":23,"column":56}}},"5":{"name":"(anonymous_5)","line":28,"loc":{"start":{"line":28,"column":61},"end":{"line":28,"column":78}}},"6":{"name":"(anonymous_6)","line":35,"loc":{"start":{"line":35,"column":10},"end":{"line":35,"column":29}}}},"statementMap":{"1":{"start":{"line":1,"column":1},"end":{"line":1,"column":61}},"2":{"start":{"line":3,"column":0},"end":{"line":3,"column":46}},"3":{"start":{"line":4,"column":0},"end":{"line":4,"column":65}},"4":{"start":{"line":5,"column":0},"end":{"line":5,"column":60}},"5":{"start":{"line":6,"column":0},"end":{"line":43,"column":1}},"6":{"start":{"line":8,"column":4},"end":{"line":21,"column":7}},"7":{"start":{"line":9,"column":12},"end":{"line":9,"column":66}},"8":{"start":{"line":10,"column":12},"end":{"line":13,"column":14}},"9":{"start":{"line":14,"column":12},"end":{"line":17,"column":13}},"10":{"start":{"line":15,"column":16},"end":{"line":15,"column":37}},"11":{"start":{"line":16,"column":16},"end":{"line":16,"column":36}},"12":{"start":{"line":18,"column":12},"end":{"line":20,"column":15}},"13":{"start":{"line":19,"column":16},"end":{"line":19,"column":65}},"14":{"start":{"line":23,"column":4},"end":{"line":26,"column":7}},"15":{"start":{"line":25,"column":8},"end":{"line":25,"column":35}},"16":{"start":{"line":28,"column":4},"end":{"line":42,"column":7}},"17":{"start":{"line":29,"column":8},"end":{"line":29,"column":62}},"18":{"start":{"line":30,"column":8},"end":{"line":41,"column":10}},"19":{"start":{"line":36,"column":12},"end":{"line":40,"column":13}},"20":{"start":{"line":37,"column":16},"end":{"line":37,"column":30}},"21":{"start":{"line":39,"column":16},"end":{"line":39,"column":30}}},"branchMap":{"1":{"line":14,"type":"if","locations":[{"start":{"line":14,"column":12},"end":{"line":14,"column":12}},{"start":{"line":14,"column":12},"end":{"line":14,"column":12}}]},"2":{"line":36,"type":"if","locations":[{"start":{"line":36,"column":12},"end":{"line":36,"column":12}},{"start":{"line":36,"column":12},"end":{"line":36,"column":12}}]}}},"F:\\session\\mysession\\middlewares\\testController.js":{"path":"F:\\session\\mysession\\middlewares\\testController.js","s":{"1":1,"2":1,"3":1,"4":0,"5":0,"6":0,"7":0},"b":{"1":[0,0]},"f":{"1":0,"2":0},"fnMap":{"1":{"name":"(anonymous_1)","line":4,"loc":{"start":{"line":4,"column":20},"end":{"line":4,"column":40}}},"2":{"name":"(anonymous_2)","line":5,"loc":{"start":{"line":5,"column":21},"end":{"line":5,"column":36}}}},"statementMap":{"1":{"start":{"line":1,"column":0},"end":{"line":1,"column":46}},"2":{"start":{"line":3,"column":0},"end":{"line":3,"column":38}},"3":{"start":{"line":4,"column":0},"end":{"line":13,"column":1}},"4":{"start":{"line":5,"column":4},"end":{"line":12,"column":7}},"5":{"start":{"line":7,"column":8},"end":{"line":9,"column":9}},"6":{"start":{"line":8,"column":12},"end":{"line":8,"column":36}},"7":{"start":{"line":11,"column":8},"end":{"line":11,"column":25}}},"branchMap":{"1":{"line":7,"type":"if","locations":[{"start":{"line":7,"column":8},"end":{"line":7,"column":8}},{"start":{"line":7,"column":8},"end":{"line":7,"column":8}}]}}},"F:\\session\\mysession\\config\\multerUtil.js":{"path":"F:\\session\\mysession\\config\\multerUtil.js","s":{"1":1,"2":1,"3":0,"4":0,"5":0,"6":1,"7":1},"b":{},"f":{"1":0,"2":0},"fnMap":{"1":{"name":"(anonymous_1)","line":4,"loc":{"start":{"line":4,"column":17},"end":{"line":4,"column":42}}},"2":{"name":"(anonymous_2)","line":8,"loc":{"start":{"line":8,"column":14},"end":{"line":8,"column":39}}}},"statementMap":{"1":{"start":{"line":1,"column":0},"end":{"line":1,"column":31}},"2":{"start":{"line":2,"column":0},"end":{"line":12,"column":3}},"3":{"start":{"line":5,"column":8},"end":{"line":5,"column":36}},"4":{"start":{"line":9,"column":8},"end":{"line":9,"column":56}},"5":{"start":{"line":10,"column":8},"end":{"line":10,"column":94}},"6":{"start":{"line":14,"column":0},"end":{"line":16,"column":3}},"7":{"start":{"line":18,"column":0},"end":{"line":18,"column":24}}},"branchMap":{}},"F:\\session\\mysession\\middlewares\\check.js":{"path":"F:\\session\\mysession\\middlewares\\check.js","s":{"1":1,"2":0,"3":0,"4":0,"5":0,"6":0,"7":0,"8":0,"9":0},"b":{"1":[0,0],"2":[0,0]},"f":{"1":0,"2":0},"fnMap":{"1":{"name":"checkLogin","line":2,"loc":{"start":{"line":2,"column":16},"end":{"line":2,"column":52}}},"2":{"name":"checkNotLogin","line":10,"loc":{"start":{"line":10,"column":19},"end":{"line":10,"column":58}}}},"statementMap":{"1":{"start":{"line":1,"column":0},"end":{"line":17,"column":2}},"2":{"start":{"line":3,"column":8},"end":{"line":6,"column":9}},"3":{"start":{"line":4,"column":12},"end":{"line":4,"column":39}},"4":{"start":{"line":5,"column":12},"end":{"line":5,"column":35}},"5":{"start":{"line":7,"column":8},"end":{"line":7,"column":15}},"6":{"start":{"line":11,"column":8},"end":{"line":14,"column":9}},"7":{"start":{"line":12,"column":12},"end":{"line":12,"column":38}},"8":{"start":{"line":13,"column":12},"end":{"line":13,"column":40}},"9":{"start":{"line":15,"column":8},"end":{"line":15,"column":15}}},"branchMap":{"1":{"line":3,"type":"if","locations":[{"start":{"line":3,"column":8},"end":{"line":3,"column":8}},{"start":{"line":3,"column":8},"end":{"line":3,"column":8}}]},"2":{"line":11,"type":"if","locations":[{"start":{"line":11,"column":8},"end":{"line":11,"column":8}},{"start":{"line":11,"column":8},"end":{"line":11,"column":8}}]}}},"F:\\session\\mysession\\routes\\logout.js":{"path":"F:\\session\\mysession\\routes\\logout.js","s":{"1":1,"2":1,"3":0,"4":0,"5":0},"b":{},"f":{"1":1,"2":0},"fnMap":{"1":{"name":"(anonymous_1)","line":1,"loc":{"start":{"line":1,"column":17},"end":{"line":1,"column":34}}},"2":{"name":"(anonymous_2)","line":3,"loc":{"start":{"line":3,"column":23},"end":{"line":3,"column":41}}}},"statementMap":{"1":{"start":{"line":1,"column":0},"end":{"line":8,"column":1}},"2":{"start":{"line":3,"column":4},"end":{"line":7,"column":7}},"3":{"start":{"line":4,"column":8},"end":{"line":4,"column":32}},"4":{"start":{"line":5,"column":8},"end":{"line":5,"column":33}},"5":{"start":{"line":6,"column":8},"end":{"line":6,"column":30}}},"branchMap":{}},"F:\\session\\mysession\\routes\\register.js":{"path":"F:\\session\\mysession\\routes\\register.js","s":{"1":1,"2":1,"3":1,"4":1,"5":1,"6":1,"7":1,"8":1,"9":1,"10":1,"11":1,"12":0,"13":0,"14":0,"15":1,"16":1,"17":1,"18":0,"19":0,"20":0,"21":0,"22":0,"23":0,"24":0,"25":0,"26":0,"27":0,"28":0,"29":0,"30":0,"31":0,"32":0},"b":{"1":[0,0],"2":[1,0],"3":[0,0],"4":[0,0],"5":[0,0],"6":[0,0]},"f":{"1":1,"2":1,"3":1,"4":0,"5":0},"fnMap":{"1":{"name":"(anonymous_1)","line":2,"loc":{"start":{"line":2,"column":17},"end":{"line":2,"column":32}}},"2":{"name":"(anonymous_2)","line":3,"loc":{"start":{"line":3,"column":25},"end":{"line":3,"column":45}}},"3":{"name":"(anonymous_3)","line":7,"loc":{"start":{"line":7,"column":26},"end":{"line":7,"column":46}}},"4":{"name":"(anonymous_4)","line":27,"loc":{"start":{"line":27,"column":38},"end":{"line":27,"column":60}}},"5":{"name":"(anonymous_5)","line":39,"loc":{"start":{"line":39,"column":19},"end":{"line":39,"column":41}}}},"statementMap":{"1":{"start":{"line":1,"column":0},"end":{"line":1,"column":27}},"2":{"start":{"line":2,"column":0},"end":{"line":52,"column":1}},"3":{"start":{"line":3,"column":4},"end":{"line":5,"column":7}},"4":{"start":{"line":4,"column":8},"end":{"line":4,"column":31}},"5":{"start":{"line":7,"column":4},"end":{"line":51,"column":7}},"6":{"start":{"line":8,"column":8},"end":{"line":8,"column":52}},"7":{"start":{"line":9,"column":8},"end":{"line":9,"column":38}},"8":{"start":{"line":10,"column":8},"end":{"line":10,"column":52}},"9":{"start":{"line":11,"column":8},"end":{"line":11,"column":47}},"10":{"start":{"line":14,"column":8},"end":{"line":26,"column":9}},"11":{"start":{"line":15,"column":12},"end":{"line":17,"column":13}},"12":{"start":{"line":16,"column":16},"end":{"line":16,"column":51}},"13":{"start":{"line":18,"column":12},"end":{"line":20,"column":13}},"14":{"start":{"line":19,"column":16},"end":{"line":19,"column":45}},"15":{"start":{"line":23,"column":12},"end":{"line":23,"column":58}},"16":{"start":{"line":24,"column":12},"end":{"line":24,"column":42}},"17":{"start":{"line":25,"column":12},"end":{"line":25,"column":45}},"18":{"start":{"line":27,"column":8},"end":{"line":50,"column":11}},"19":{"start":{"line":28,"column":12},"end":{"line":49,"column":13}},"20":{"start":{"line":29,"column":16},"end":{"line":29,"column":30}},"21":{"start":{"line":30,"column":16},"end":{"line":30,"column":46}},"22":{"start":{"line":31,"column":16},"end":{"line":31,"column":35}},"23":{"start":{"line":32,"column":19},"end":{"line":49,"column":13}},"24":{"start":{"line":33,"column":16},"end":{"line":33,"column":45}},"25":{"start":{"line":34,"column":16},"end":{"line":34,"column":30}},"26":{"start":{"line":36,"column":16},"end":{"line":48,"column":19}},"27":{"start":{"line":40,"column":20},"end":{"line":47,"column":21}},"28":{"start":{"line":41,"column":24},"end":{"line":41,"column":38}},"29":{"start":{"line":42,"column":24},"end":{"line":42,"column":43}},"30":{"start":{"line":44,"column":24},"end":{"line":44,"column":54}},"31":{"start":{"line":45,"column":24},"end":{"line":45,"column":46}},"32":{"start":{"line":46,"column":24},"end":{"line":46,"column":38}}},"branchMap":{"1":{"line":15,"type":"if","locations":[{"start":{"line":15,"column":12},"end":{"line":15,"column":12}},{"start":{"line":15,"column":12},"end":{"line":15,"column":12}}]},"2":{"line":15,"type":"binary-expr","locations":[{"start":{"line":15,"column":18},"end":{"line":15,"column":35}},{"start":{"line":15,"column":39},"end":{"line":15,"column":57}}]},"3":{"line":18,"type":"if","locations":[{"start":{"line":18,"column":12},"end":{"line":18,"column":12}},{"start":{"line":18,"column":12},"end":{"line":18,"column":12}}]},"4":{"line":28,"type":"if","locations":[{"start":{"line":28,"column":12},"end":{"line":28,"column":12}},{"start":{"line":28,"column":12},"end":{"line":28,"column":12}}]},"5":{"line":32,"type":"if","locations":[{"start":{"line":32,"column":19},"end":{"line":32,"column":19}},{"start":{"line":32,"column":19},"end":{"line":32,"column":19}}]},"6":{"line":40,"type":"if","locations":[{"start":{"line":40,"column":20},"end":{"line":40,"column":20}},{"start":{"line":40,"column":20},"end":{"line":40,"column":20}}]}}},"F:\\session\\mysession\\routes\\cart.js":{"path":"F:\\session\\mysession\\routes\\cart.js","s":{"1":1,"2":1,"3":0,"4":0,"5":0,"6":0,"7":0,"8":0,"9":1,"10":0,"11":0,"12":0,"13":0,"14":0,"15":0,"16":0,"17":0,"18":0,"19":0,"20":0,"21":0,"22":0,"23":0,"24":1,"25":0,"26":0,"27":0,"28":0,"29":1,"30":0,"31":0,"32":0,"33":0},"b":{"1":[0,0],"2":[0,0],"3":[0,0],"4":[0,0],"5":[0,0],"6":[0,0],"7":[0,0],"8":[0,0]},"f":{"1":1,"2":0,"3":0,"4":0,"5":0,"6":0,"7":0,"8":0,"9":0,"10":0,"11":0,"12":0},"fnMap":{"1":{"name":"(anonymous_1)","line":2,"loc":{"start":{"line":2,"column":17},"end":{"line":2,"column":34}}},"2":{"name":"(anonymous_2)","line":4,"loc":{"start":{"line":4,"column":21},"end":{"line":4,"column":40}}},"3":{"name":"(anonymous_3)","line":12,"loc":{"start":{"line":12,"column":68},"end":{"line":12,"column":91}}},"4":{"name":"(anonymous_4)","line":18,"loc":{"start":{"line":18,"column":30},"end":{"line":18,"column":49}}},"5":{"name":"(anonymous_5)","line":26,"loc":{"start":{"line":26,"column":75},"end":{"line":26,"column":94}}},"6":{"name":"(anonymous_6)","line":29,"loc":{"start":{"line":29,"column":125},"end":{"line":29,"column":144}}},"7":{"name":"(anonymous_7)","line":37,"loc":{"start":{"line":37,"column":62},"end":{"line":37,"column":84}}},"8":{"name":"(anonymous_8)","line":46,"loc":{"start":{"line":46,"column":30},"end":{"line":46,"column":49}}},"9":{"name":"(anonymous_9)","line":61,"loc":{"start":{"line":61,"column":32},"end":{"line":61,"column":51}}},"10":{"name":"(anonymous_10)","line":64,"loc":{"start":{"line":64,"column":42},"end":{"line":64,"column":61}}},"11":{"name":"(anonymous_11)","line":73,"loc":{"start":{"line":73,"column":30},"end":{"line":73,"column":47}}},"12":{"name":"(anonymous_12)","line":75,"loc":{"start":{"line":75,"column":93},"end":{"line":75,"column":112}}}},"statementMap":{"1":{"start":{"line":2,"column":0},"end":{"line":83,"column":1}},"2":{"start":{"line":4,"column":4},"end":{"line":16,"column":7}},"3":{"start":{"line":5,"column":8},"end":{"line":5,"column":52}},"4":{"start":{"line":7,"column":8},"end":{"line":15,"column":9}},"5":{"start":{"line":8,"column":12},"end":{"line":8,"column":46}},"6":{"start":{"line":9,"column":12},"end":{"line":9,"column":35}},"7":{"start":{"line":12,"column":12},"end":{"line":14,"column":15}},"8":{"start":{"line":13,"column":16},"end":{"line":13,"column":48}},"9":{"start":{"line":18,"column":4},"end":{"line":58,"column":7}},"10":{"start":{"line":20,"column":8},"end":{"line":57,"column":9}},"11":{"start":{"line":21,"column":12},"end":{"line":21,"column":46}},"12":{"start":{"line":22,"column":12},"end":{"line":22,"column":35}},"13":{"start":{"line":24,"column":12},"end":{"line":25,"column":56}},"14":{"start":{"line":26,"column":12},"end":{"line":56,"column":15}},"15":{"start":{"line":28,"column":16},"end":{"line":55,"column":17}},"16":{"start":{"line":29,"column":20},"end":{"line":34,"column":23}},"17":{"start":{"line":31,"column":24},"end":{"line":33,"column":25}},"18":{"start":{"line":32,"column":28},"end":{"line":32,"column":50}},"19":{"start":{"line":37,"column":20},"end":{"line":54,"column":23}},"20":{"start":{"line":38,"column":24},"end":{"line":53,"column":25}},"21":{"start":{"line":39,"column":28},"end":{"line":50,"column":31}},"22":{"start":{"line":47,"column":32},"end":{"line":49,"column":33}},"23":{"start":{"line":48,"column":36},"end":{"line":48,"column":58}},"24":{"start":{"line":61,"column":4},"end":{"line":70,"column":7}},"25":{"start":{"line":63,"column":8},"end":{"line":63,"column":52}},"26":{"start":{"line":64,"column":8},"end":{"line":69,"column":11}},"27":{"start":{"line":66,"column":12},"end":{"line":68,"column":13}},"28":{"start":{"line":67,"column":16},"end":{"line":67,"column":38}},"29":{"start":{"line":73,"column":4},"end":{"line":81,"column":7}},"30":{"start":{"line":74,"column":8},"end":{"line":74,"column":52}},"31":{"start":{"line":75,"column":8},"end":{"line":80,"column":11}},"32":{"start":{"line":77,"column":12},"end":{"line":79,"column":13}},"33":{"start":{"line":78,"column":16},"end":{"line":78,"column":30}}},"branchMap":{"1":{"line":7,"type":"if","locations":[{"start":{"line":7,"column":8},"end":{"line":7,"column":8}},{"start":{"line":7,"column":8},"end":{"line":7,"column":8}}]},"2":{"line":20,"type":"if","locations":[{"start":{"line":20,"column":8},"end":{"line":20,"column":8}},{"start":{"line":20,"column":8},"end":{"line":20,"column":8}}]},"3":{"line":28,"type":"if","locations":[{"start":{"line":28,"column":16},"end":{"line":28,"column":16}},{"start":{"line":28,"column":16},"end":{"line":28,"column":16}}]},"4":{"line":31,"type":"if","locations":[{"start":{"line":31,"column":24},"end":{"line":31,"column":24}},{"start":{"line":31,"column":24},"end":{"line":31,"column":24}}]},"5":{"line":38,"type":"if","locations":[{"start":{"line":38,"column":24},"end":{"line":38,"column":24}},{"start":{"line":38,"column":24},"end":{"line":38,"column":24}}]},"6":{"line":47,"type":"if","locations":[{"start":{"line":47,"column":32},"end":{"line":47,"column":32}},{"start":{"line":47,"column":32},"end":{"line":47,"column":32}}]},"7":{"line":66,"type":"if","locations":[{"start":{"line":66,"column":12},"end":{"line":66,"column":12}},{"start":{"line":66,"column":12},"end":{"line":66,"column":12}}]},"8":{"line":77,"type":"if","locations":[{"start":{"line":77,"column":12},"end":{"line":77,"column":12}},{"start":{"line":77,"column":12},"end":{"line":77,"column":12}}]}}}}